This file contains any messages produced by compilers while
running configure, to aid debugging if configure makes a mistake.

It was created by configure, which was
generated by GNU Autoconf 2.69.  Invocation command line was

  $ ./configure --prefix=/home/msm924/reomp

## --------- ##
## Platform. ##
## --------- ##

hostname = hokusai3
uname -m = x86_64
uname -r = 4.18.0-477.21.1.el8_8.x86_64
uname -s = Linux
uname -v = #1 SMP Thu Jul 20 08:38:27 EDT 2023

/usr/bin/uname -p = x86_64
/bin/uname -X     = unknown

/bin/arch              = x86_64
/usr/bin/arch -k       = unknown
/usr/convex/getsysinfo = unknown
/usr/bin/hostinfo      = unknown
/bin/machine           = unknown
/usr/bin/oslevel       = unknown
/bin/universe          = unknown

PATH: /lustre/opt/x86_64/intel/oneapi/2023.02/mpi/2021.10.0/libfabric/bin
PATH: /lustre/opt/x86_64/intel/oneapi/2023.02/mpi/2021.10.0/bin
PATH: /lustre/opt/x86_64/intel/oneapi/2023.02/vpl/latest/bin
PATH: /lustre/opt/x86_64/intel/oneapi/2023.02/mkl/latest/bin/intel64
PATH: /lustre/opt/x86_64/intel/oneapi/2023.02/itac/latest/bin
PATH: /lustre/opt/x86_64/intel/oneapi/2023.02/inspector/2023.2.0/bin64
PATH: /lustre/opt/x86_64/intel/oneapi/2023.02/dpcpp-ct/2023.2.0/bin
PATH: /lustre/opt/x86_64/intel/oneapi/2023.02/dev-utilities/latest/bin
PATH: /lustre/opt/x86_64/intel/oneapi/2023.02/compiler/latest/linux/bin/intel64
PATH: /lustre/opt/x86_64/intel/oneapi/2023.02/compiler/latest/linux/bin
PATH: /lustre/opt/x86_64/intel/oneapi/2023.02/compiler/latest/linux/ioc/bin
PATH: /lustre/opt/x86_64/intel/oneapi/2023.02/compiler/latest/linux/lib/oclfpga/llvm/aocl-bin
PATH: /lustre/opt/x86_64/intel/oneapi/2023.02/compiler/latest/linux/lib/oclfpga/bin
PATH: /lustre/opt/x86_64/intel/oneapi/2023.02/debugger/latest/gdb/intel64/bin
PATH: /lustre/opt/x86_64/intel/oneapi/2023.02/advisor/2023.2.0/bin64
PATH: /usr/bin
PATH: /home/msm924/llvm15/bin
PATH: /home/msm924/.local/bin
PATH: /home/msm924/bin
PATH: /usr/share/Modules/bin
PATH: /usr/local/bin
PATH: /usr/bin
PATH: /usr/local/sbin
PATH: /usr/sbin


## ----------- ##
## Core tests. ##
## ----------- ##

configure:2512: checking for a BSD-compatible install
configure:2580: result: /usr/bin/install -c
configure:2591: checking whether build environment is sane
configure:2646: result: yes
configure:2797: checking for a thread-safe mkdir -p
configure:2836: result: /usr/bin/mkdir -p
configure:2843: checking for gawk
configure:2859: found /usr/bin/gawk
configure:2870: result: gawk
configure:2881: checking whether make sets $(MAKE)
configure:2903: result: yes
configure:2932: checking whether make supports nested variables
configure:2949: result: yes
configure:3083: checking whether make supports the include directive
configure:3098: make -f confmf.GNU && cat confinc.out
this is the am__doit target
configure:3101: $? = 0
configure:3120: result: yes (GNU style)
configure:3190: checking for gcc
configure:3206: found /usr/bin/gcc
configure:3217: result: gcc
configure:3446: checking for C compiler version
configure:3455: gcc --version >&5
gcc (GCC) 8.5.0 20210514 (Red Hat 8.5.0-18)
Copyright (C) 2018 Free Software Foundation, Inc.
This is free software; see the source for copying conditions.  There is NO
warranty; not even for MERCHANTABILITY or FITNESS FOR A PARTICULAR PURPOSE.

configure:3466: $? = 0
configure:3455: gcc -v >&5
Using built-in specs.
COLLECT_GCC=gcc
COLLECT_LTO_WRAPPER=/usr/libexec/gcc/x86_64-redhat-linux/8/lto-wrapper
OFFLOAD_TARGET_NAMES=nvptx-none
OFFLOAD_TARGET_DEFAULT=1
Target: x86_64-redhat-linux
Configured with: ../configure --enable-bootstrap --enable-languages=c,c++,fortran,lto --prefix=/usr --mandir=/usr/share/man --infodir=/usr/share/info --with-bugurl=http://bugzilla.redhat.com/bugzilla --enable-shared --enable-threads=posix --enable-checking=release --enable-multilib --with-system-zlib --enable-__cxa_atexit --disable-libunwind-exceptions --enable-gnu-unique-object --enable-linker-build-id --with-gcc-major-version-only --with-linker-hash-style=gnu --enable-plugin --enable-initfini-array --with-isl --disable-libmpx --enable-offload-targets=nvptx-none --without-cuda-driver --enable-gnu-indirect-function --enable-cet --with-tune=generic --with-arch_32=x86-64 --build=x86_64-redhat-linux
Thread model: posix
gcc version 8.5.0 20210514 (Red Hat 8.5.0-18) (GCC) 
configure:3466: $? = 0
configure:3455: gcc -V >&5
gcc: error: unrecognized command line option '-V'
gcc: fatal error: no input files
compilation terminated.
configure:3466: $? = 1
configure:3455: gcc -qversion >&5
gcc: error: unrecognized command line option '-qversion'; did you mean '--version'?
gcc: fatal error: no input files
compilation terminated.
configure:3466: $? = 1
configure:3486: checking whether the C compiler works
configure:3508: gcc    conftest.c  >&5
configure:3512: $? = 0
configure:3560: result: yes
configure:3563: checking for C compiler default output file name
configure:3565: result: a.out
configure:3571: checking for suffix of executables
configure:3578: gcc -o conftest    conftest.c  >&5
configure:3582: $? = 0
configure:3604: result: 
configure:3626: checking whether we are cross compiling
configure:3634: gcc -o conftest    conftest.c  >&5
configure:3638: $? = 0
configure:3645: ./conftest
configure:3649: $? = 0
configure:3664: result: no
configure:3669: checking for suffix of object files
configure:3691: gcc -c   conftest.c >&5
configure:3695: $? = 0
configure:3716: result: o
configure:3720: checking whether we are using the GNU C compiler
configure:3739: gcc -c   conftest.c >&5
configure:3739: $? = 0
configure:3748: result: yes
configure:3757: checking whether gcc accepts -g
configure:3777: gcc -c -g  conftest.c >&5
configure:3777: $? = 0
configure:3818: result: yes
configure:3835: checking for gcc option to accept ISO C89
configure:3898: gcc  -c -g -O2  conftest.c >&5
configure:3898: $? = 0
configure:3911: result: none needed
configure:3936: checking whether gcc understands -c and -o together
configure:3958: gcc -c conftest.c -o conftest2.o
configure:3961: $? = 0
configure:3958: gcc -c conftest.c -o conftest2.o
configure:3961: $? = 0
configure:3973: result: yes
configure:3992: checking dependency style of gcc
configure:4103: result: gcc3
configure:4168: checking for ar
configure:4184: found /usr/bin/ar
configure:4195: result: ar
configure:4221: checking the archiver (ar) interface
configure:4237: gcc -c -g -O2  conftest.c >&5
configure:4237: $? = 0
configure:4239: ar cru libconftest.a conftest.o >&5
configure:4242: $? = 0
configure:4270: result: ar
configure:4475: checking for mpicc
configure:4493: found /lustre/opt/x86_64/intel/oneapi/2023.02/mpi/2021.10.0/bin/mpicc
configure:4505: result: /lustre/opt/x86_64/intel/oneapi/2023.02/mpi/2021.10.0/bin/mpicc
configure:4663: checking for g++
configure:4679: found /usr/bin/g++
configure:4690: result: g++
configure:4717: checking for C++ compiler version
configure:4726: g++ --version >&5
g++ (GCC) 8.5.0 20210514 (Red Hat 8.5.0-18)
Copyright (C) 2018 Free Software Foundation, Inc.
This is free software; see the source for copying conditions.  There is NO
warranty; not even for MERCHANTABILITY or FITNESS FOR A PARTICULAR PURPOSE.

configure:4737: $? = 0
configure:4726: g++ -v >&5
Using built-in specs.
COLLECT_GCC=g++
COLLECT_LTO_WRAPPER=/usr/libexec/gcc/x86_64-redhat-linux/8/lto-wrapper
OFFLOAD_TARGET_NAMES=nvptx-none
OFFLOAD_TARGET_DEFAULT=1
Target: x86_64-redhat-linux
Configured with: ../configure --enable-bootstrap --enable-languages=c,c++,fortran,lto --prefix=/usr --mandir=/usr/share/man --infodir=/usr/share/info --with-bugurl=http://bugzilla.redhat.com/bugzilla --enable-shared --enable-threads=posix --enable-checking=release --enable-multilib --with-system-zlib --enable-__cxa_atexit --disable-libunwind-exceptions --enable-gnu-unique-object --enable-linker-build-id --with-gcc-major-version-only --with-linker-hash-style=gnu --enable-plugin --enable-initfini-array --with-isl --disable-libmpx --enable-offload-targets=nvptx-none --without-cuda-driver --enable-gnu-indirect-function --enable-cet --with-tune=generic --with-arch_32=x86-64 --build=x86_64-redhat-linux
Thread model: posix
gcc version 8.5.0 20210514 (Red Hat 8.5.0-18) (GCC) 
configure:4737: $? = 0
configure:4726: g++ -V >&5
g++: error: unrecognized command line option '-V'
g++: fatal error: no input files
compilation terminated.
configure:4737: $? = 1
configure:4726: g++ -qversion >&5
g++: error: unrecognized command line option '-qversion'; did you mean '--version'?
g++: fatal error: no input files
compilation terminated.
configure:4737: $? = 1
configure:4741: checking whether we are using the GNU C++ compiler
configure:4760: g++ -c   conftest.cpp >&5
configure:4760: $? = 0
configure:4769: result: yes
configure:4778: checking whether g++ accepts -g
configure:4798: g++ -c -g  conftest.cpp >&5
configure:4798: $? = 0
configure:4839: result: yes
configure:4864: checking dependency style of g++
configure:4975: result: gcc3
configure:5121: checking for mpicxx
configure:5139: found /lustre/opt/x86_64/intel/oneapi/2023.02/mpi/2021.10.0/bin/mpicxx
configure:5151: result: /lustre/opt/x86_64/intel/oneapi/2023.02/mpi/2021.10.0/bin/mpicxx
configure:5303: checking for gfortran
configure:5319: found /usr/bin/gfortran
configure:5330: result: gfortran
configure:5356: checking for Fortran compiler version
configure:5365: gfortran --version >&5
GNU Fortran (GCC) 8.5.0 20210514 (Red Hat 8.5.0-18)
Copyright (C) 2018 Free Software Foundation, Inc.
This is free software; see the source for copying conditions.  There is NO
warranty; not even for MERCHANTABILITY or FITNESS FOR A PARTICULAR PURPOSE.

configure:5376: $? = 0
configure:5365: gfortran -v >&5
Using built-in specs.
COLLECT_GCC=gfortran
COLLECT_LTO_WRAPPER=/usr/libexec/gcc/x86_64-redhat-linux/8/lto-wrapper
OFFLOAD_TARGET_NAMES=nvptx-none
OFFLOAD_TARGET_DEFAULT=1
Target: x86_64-redhat-linux
Configured with: ../configure --enable-bootstrap --enable-languages=c,c++,fortran,lto --prefix=/usr --mandir=/usr/share/man --infodir=/usr/share/info --with-bugurl=http://bugzilla.redhat.com/bugzilla --enable-shared --enable-threads=posix --enable-checking=release --enable-multilib --with-system-zlib --enable-__cxa_atexit --disable-libunwind-exceptions --enable-gnu-unique-object --enable-linker-build-id --with-gcc-major-version-only --with-linker-hash-style=gnu --enable-plugin --enable-initfini-array --with-isl --disable-libmpx --enable-offload-targets=nvptx-none --without-cuda-driver --enable-gnu-indirect-function --enable-cet --with-tune=generic --with-arch_32=x86-64 --build=x86_64-redhat-linux
Thread model: posix
gcc version 8.5.0 20210514 (Red Hat 8.5.0-18) (GCC) 
configure:5376: $? = 0
configure:5365: gfortran -V >&5
gfortran: error: unrecognized command line option '-V'
gfortran: fatal error: no input files
compilation terminated.
configure:5376: $? = 1
configure:5365: gfortran -qversion >&5
gfortran: error: unrecognized command line option '-qversion'; did you mean '--version'?
gfortran: fatal error: no input files
compilation terminated.
configure:5376: $? = 1
configure:5385: checking whether we are using the GNU Fortran compiler
configure:5398: gfortran -c   conftest.F >&5
configure:5398: $? = 0
configure:5407: result: yes
configure:5413: checking whether gfortran accepts -g
configure:5424: gfortran -c -g  conftest.f >&5
configure:5424: $? = 0
configure:5432: result: yes
configure:5595: checking for mpif95
configure:5628: result: no
configure:5595: checking for mpif90
configure:5613: found /lustre/opt/x86_64/intel/oneapi/2023.02/mpi/2021.10.0/bin/mpif90
configure:5625: result: /lustre/opt/x86_64/intel/oneapi/2023.02/mpi/2021.10.0/bin/mpif90
configure:5727: checking for make
configure:5743: found /usr/bin/make
configure:5754: result: make
configure:5798: checking build system type
configure:5812: result: x86_64-pc-linux-gnu
configure:5832: checking host system type
configure:5845: result: x86_64-pc-linux-gnu
configure:5886: checking how to print strings
configure:5913: result: printf
configure:5934: checking for a sed that does not truncate output
configure:5998: result: /usr/bin/sed
configure:6016: checking for grep that handles long lines and -e
configure:6074: result: /usr/bin/grep
configure:6079: checking for egrep
configure:6141: result: /usr/bin/grep -E
configure:6146: checking for fgrep
configure:6208: result: /usr/bin/grep -F
configure:6243: checking for ld used by /lustre/opt/x86_64/intel/oneapi/2023.02/mpi/2021.10.0/bin/mpicc
configure:6310: result: /usr/bin/ld
configure:6317: checking if the linker (/usr/bin/ld) is GNU ld
configure:6332: result: yes
configure:6344: checking for BSD- or MS-compatible name lister (nm)
configure:6398: result: /usr/bin/nm -B
configure:6528: checking the name lister (/usr/bin/nm -B) interface
configure:6535: /lustre/opt/x86_64/intel/oneapi/2023.02/mpi/2021.10.0/bin/mpicc -c -g -O2  conftest.c >&5
configure:6538: /usr/bin/nm -B "conftest.o"
configure:6541: output
0000000000000000 B some_variable
configure:6548: result: BSD nm
configure:6551: checking whether ln -s works
configure:6555: result: yes
configure:6563: checking the maximum length of command line arguments
configure:6694: result: 1572864
configure:6742: checking how to convert x86_64-pc-linux-gnu file names to x86_64-pc-linux-gnu format
configure:6782: result: func_convert_file_noop
configure:6789: checking how to convert x86_64-pc-linux-gnu file names to toolchain format
configure:6809: result: func_convert_file_noop
configure:6816: checking for /usr/bin/ld option to reload object files
configure:6823: result: -r
configure:6897: checking for objdump
configure:6913: found /usr/bin/objdump
configure:6924: result: objdump
configure:6956: checking how to recognize dependent libraries
configure:7156: result: pass_all
configure:7241: checking for dlltool
configure:7271: result: no
configure:7301: checking how to associate runtime and link libraries
configure:7328: result: printf %s\n
configure:7452: checking for archiver @FILE support
configure:7469: /lustre/opt/x86_64/intel/oneapi/2023.02/mpi/2021.10.0/bin/mpicc -c -g -O2  conftest.c >&5
configure:7469: $? = 0
configure:7472: ar cr libconftest.a @conftest.lst >&5
configure:7475: $? = 0
configure:7480: ar cr libconftest.a @conftest.lst >&5
ar: conftest.o: No such file or directory
configure:7483: $? = 1
configure:7495: result: @
configure:7553: checking for strip
configure:7569: found /usr/bin/strip
configure:7580: result: strip
configure:7652: checking for ranlib
configure:7668: found /usr/bin/ranlib
configure:7679: result: ranlib
configure:7781: checking command to parse /usr/bin/nm -B output from /lustre/opt/x86_64/intel/oneapi/2023.02/mpi/2021.10.0/bin/mpicc object
configure:7934: /lustre/opt/x86_64/intel/oneapi/2023.02/mpi/2021.10.0/bin/mpicc -c -g -O2  conftest.c >&5
configure:7937: $? = 0
configure:7941: /usr/bin/nm -B conftest.o | sed -n -e 's/^.*[	 ]\([ABCDGIRSTW][ABCDGIRSTW]*\)[	 ][	 ]*\([_A-Za-z][_A-Za-z0-9]*\)$/\1 \2 \2/p' | sed '/ __gnu_lto/d' > conftest.nm
configure:8007: /lustre/opt/x86_64/intel/oneapi/2023.02/mpi/2021.10.0/bin/mpicc -o conftest -g -O2   conftest.c conftstm.o >&5
configure:8010: $? = 0
configure:8048: result: ok
configure:8095: checking for sysroot
configure:8125: result: no
configure:8132: checking for a working dd
configure:8170: result: /usr/bin/dd
configure:8174: checking how to truncate binary pipes
configure:8189: result: /usr/bin/dd bs=4096 count=1
configure:8325: /lustre/opt/x86_64/intel/oneapi/2023.02/mpi/2021.10.0/bin/mpicc -c -g -O2  conftest.c >&5
configure:8328: $? = 0
configure:8518: checking for mt
configure:8548: result: no
configure:8568: checking if : is a manifest tool
configure:8574: : '-?'
configure:8582: result: no
configure:9259: checking how to run the C preprocessor
configure:9290: /lustre/opt/x86_64/intel/oneapi/2023.02/mpi/2021.10.0/bin/mpicc -E  conftest.c
configure:9290: $? = 0
configure:9304: /lustre/opt/x86_64/intel/oneapi/2023.02/mpi/2021.10.0/bin/mpicc -E  conftest.c
conftest.c:14:10: fatal error: ac_nonexistent.h: No such file or directory
 #include <ac_nonexistent.h>
          ^~~~~~~~~~~~~~~~~~
compilation terminated.
configure:9304: $? = 1
configure: failed program was:
| /* confdefs.h */
| #define PACKAGE_NAME ""
| #define PACKAGE_TARNAME ""
| #define PACKAGE_VERSION ""
| #define PACKAGE_STRING ""
| #define PACKAGE_BUGREPORT ""
| #define PACKAGE_URL ""
| #define PACKAGE ""
| #define VERSION "0.1"
| #define HAVE_MPI 1
| #define HAVE_MPI 1
| #define HAVE_MPI 1
| /* end confdefs.h.  */
| #include <ac_nonexistent.h>
configure:9329: result: /lustre/opt/x86_64/intel/oneapi/2023.02/mpi/2021.10.0/bin/mpicc -E
configure:9349: /lustre/opt/x86_64/intel/oneapi/2023.02/mpi/2021.10.0/bin/mpicc -E  conftest.c
configure:9349: $? = 0
configure:9363: /lustre/opt/x86_64/intel/oneapi/2023.02/mpi/2021.10.0/bin/mpicc -E  conftest.c
conftest.c:14:10: fatal error: ac_nonexistent.h: No such file or directory
 #include <ac_nonexistent.h>
          ^~~~~~~~~~~~~~~~~~
compilation terminated.
configure:9363: $? = 1
configure: failed program was:
| /* confdefs.h */
| #define PACKAGE_NAME ""
| #define PACKAGE_TARNAME ""
| #define PACKAGE_VERSION ""
| #define PACKAGE_STRING ""
| #define PACKAGE_BUGREPORT ""
| #define PACKAGE_URL ""
| #define PACKAGE ""
| #define VERSION "0.1"
| #define HAVE_MPI 1
| #define HAVE_MPI 1
| #define HAVE_MPI 1
| /* end confdefs.h.  */
| #include <ac_nonexistent.h>
configure:9392: checking for ANSI C header files
configure:9412: /lustre/opt/x86_64/intel/oneapi/2023.02/mpi/2021.10.0/bin/mpicc -c -g -O2  conftest.c >&5
configure:9412: $? = 0
configure:9485: /lustre/opt/x86_64/intel/oneapi/2023.02/mpi/2021.10.0/bin/mpicc -o conftest -g -O2   conftest.c  >&5
configure:9485: $? = 0
configure:9485: ./conftest
configure:9485: $? = 0
configure:9496: result: yes
configure:9509: checking for sys/types.h
configure:9509: /lustre/opt/x86_64/intel/oneapi/2023.02/mpi/2021.10.0/bin/mpicc -c -g -O2  conftest.c >&5
configure:9509: $? = 0
configure:9509: result: yes
configure:9509: checking for sys/stat.h
configure:9509: /lustre/opt/x86_64/intel/oneapi/2023.02/mpi/2021.10.0/bin/mpicc -c -g -O2  conftest.c >&5
configure:9509: $? = 0
configure:9509: result: yes
configure:9509: checking for stdlib.h
configure:9509: /lustre/opt/x86_64/intel/oneapi/2023.02/mpi/2021.10.0/bin/mpicc -c -g -O2  conftest.c >&5
configure:9509: $? = 0
configure:9509: result: yes
configure:9509: checking for string.h
configure:9509: /lustre/opt/x86_64/intel/oneapi/2023.02/mpi/2021.10.0/bin/mpicc -c -g -O2  conftest.c >&5
configure:9509: $? = 0
configure:9509: result: yes
configure:9509: checking for memory.h
configure:9509: /lustre/opt/x86_64/intel/oneapi/2023.02/mpi/2021.10.0/bin/mpicc -c -g -O2  conftest.c >&5
configure:9509: $? = 0
configure:9509: result: yes
configure:9509: checking for strings.h
configure:9509: /lustre/opt/x86_64/intel/oneapi/2023.02/mpi/2021.10.0/bin/mpicc -c -g -O2  conftest.c >&5
configure:9509: $? = 0
configure:9509: result: yes
configure:9509: checking for inttypes.h
configure:9509: /lustre/opt/x86_64/intel/oneapi/2023.02/mpi/2021.10.0/bin/mpicc -c -g -O2  conftest.c >&5
configure:9509: $? = 0
configure:9509: result: yes
configure:9509: checking for stdint.h
configure:9509: /lustre/opt/x86_64/intel/oneapi/2023.02/mpi/2021.10.0/bin/mpicc -c -g -O2  conftest.c >&5
configure:9509: $? = 0
configure:9509: result: yes
configure:9509: checking for unistd.h
configure:9509: /lustre/opt/x86_64/intel/oneapi/2023.02/mpi/2021.10.0/bin/mpicc -c -g -O2  conftest.c >&5
configure:9509: $? = 0
configure:9509: result: yes
configure:9523: checking for dlfcn.h
configure:9523: /lustre/opt/x86_64/intel/oneapi/2023.02/mpi/2021.10.0/bin/mpicc -c -g -O2  conftest.c >&5
configure:9523: $? = 0
configure:9523: result: yes
configure:9791: checking for objdir
configure:9806: result: .libs
configure:10070: checking if /lustre/opt/x86_64/intel/oneapi/2023.02/mpi/2021.10.0/bin/mpicc supports -fno-rtti -fno-exceptions
configure:10088: /lustre/opt/x86_64/intel/oneapi/2023.02/mpi/2021.10.0/bin/mpicc -c -g -O2  -fno-rtti -fno-exceptions conftest.c >&5
cc1: warning: command line option '-fno-rtti' is valid for C++/ObjC++ but not for C
configure:10092: $? = 0
configure:10105: result: no
configure:10469: checking for /lustre/opt/x86_64/intel/oneapi/2023.02/mpi/2021.10.0/bin/mpicc option to produce PIC
configure:10476: result: -fPIC -DPIC
configure:10484: checking if /lustre/opt/x86_64/intel/oneapi/2023.02/mpi/2021.10.0/bin/mpicc PIC flag -fPIC -DPIC works
configure:10502: /lustre/opt/x86_64/intel/oneapi/2023.02/mpi/2021.10.0/bin/mpicc -c -g -O2  -fPIC -DPIC -DPIC conftest.c >&5
configure:10506: $? = 0
configure:10519: result: yes
configure:10548: checking if /lustre/opt/x86_64/intel/oneapi/2023.02/mpi/2021.10.0/bin/mpicc static flag -static works
configure:10576: result: yes
configure:10591: checking if /lustre/opt/x86_64/intel/oneapi/2023.02/mpi/2021.10.0/bin/mpicc supports -c -o file.o
configure:10612: /lustre/opt/x86_64/intel/oneapi/2023.02/mpi/2021.10.0/bin/mpicc -c -g -O2  -o out/conftest2.o conftest.c >&5
configure:10616: $? = 0
configure:10638: result: yes
configure:10646: checking if /lustre/opt/x86_64/intel/oneapi/2023.02/mpi/2021.10.0/bin/mpicc supports -c -o file.o
configure:10693: result: yes
configure:10726: checking whether the /lustre/opt/x86_64/intel/oneapi/2023.02/mpi/2021.10.0/bin/mpicc linker (/usr/bin/ld -m elf_x86_64) supports shared libraries
configure:11989: result: yes
configure:12026: checking whether -lc should be explicitly linked in
configure:12034: /lustre/opt/x86_64/intel/oneapi/2023.02/mpi/2021.10.0/bin/mpicc -c -g -O2  conftest.c >&5
configure:12037: $? = 0
configure:12052: /lustre/opt/x86_64/intel/oneapi/2023.02/mpi/2021.10.0/bin/mpicc -shared  -fPIC -DPIC conftest.o  -v -Wl,-soname -Wl,conftest -o conftest 2\>\&1 \| /usr/bin/grep  -lc  \>/dev/null 2\>\&1
configure:12055: $? = 0
configure:12069: result: no
configure:12229: checking dynamic linker characteristics
configure:12810: /lustre/opt/x86_64/intel/oneapi/2023.02/mpi/2021.10.0/bin/mpicc -o conftest -g -O2   -Wl,-rpath -Wl,/foo conftest.c  >&5
configure:12810: $? = 0
configure:13059: result: GNU/Linux ld.so
configure:13181: checking how to hardcode library paths into programs
configure:13206: result: immediate
configure:13754: checking whether stripping libraries is possible
configure:13759: result: yes
configure:13794: checking if libtool supports shared libraries
configure:13796: result: yes
configure:13799: checking whether to build shared libraries
configure:13824: result: yes
configure:13827: checking whether to build static libraries
configure:13831: result: yes
configure:13854: checking how to run the C++ preprocessor
configure:13881: /lustre/opt/x86_64/intel/oneapi/2023.02/mpi/2021.10.0/bin/mpicxx -E  conftest.cpp
configure:13881: $? = 0
configure:13895: /lustre/opt/x86_64/intel/oneapi/2023.02/mpi/2021.10.0/bin/mpicxx -E  conftest.cpp
conftest.cpp:26:10: fatal error: ac_nonexistent.h: No such file or directory
 #include <ac_nonexistent.h>
          ^~~~~~~~~~~~~~~~~~
compilation terminated.
configure:13895: $? = 1
configure: failed program was:
| /* confdefs.h */
| #define PACKAGE_NAME ""
| #define PACKAGE_TARNAME ""
| #define PACKAGE_VERSION ""
| #define PACKAGE_STRING ""
| #define PACKAGE_BUGREPORT ""
| #define PACKAGE_URL ""
| #define PACKAGE ""
| #define VERSION "0.1"
| #define HAVE_MPI 1
| #define HAVE_MPI 1
| #define HAVE_MPI 1
| #define STDC_HEADERS 1
| #define HAVE_SYS_TYPES_H 1
| #define HAVE_SYS_STAT_H 1
| #define HAVE_STDLIB_H 1
| #define HAVE_STRING_H 1
| #define HAVE_MEMORY_H 1
| #define HAVE_STRINGS_H 1
| #define HAVE_INTTYPES_H 1
| #define HAVE_STDINT_H 1
| #define HAVE_UNISTD_H 1
| #define HAVE_DLFCN_H 1
| #define LT_OBJDIR ".libs/"
| /* end confdefs.h.  */
| #include <ac_nonexistent.h>
configure:13920: result: /lustre/opt/x86_64/intel/oneapi/2023.02/mpi/2021.10.0/bin/mpicxx -E
configure:13940: /lustre/opt/x86_64/intel/oneapi/2023.02/mpi/2021.10.0/bin/mpicxx -E  conftest.cpp
configure:13940: $? = 0
configure:13954: /lustre/opt/x86_64/intel/oneapi/2023.02/mpi/2021.10.0/bin/mpicxx -E  conftest.cpp
conftest.cpp:26:10: fatal error: ac_nonexistent.h: No such file or directory
 #include <ac_nonexistent.h>
          ^~~~~~~~~~~~~~~~~~
compilation terminated.
configure:13954: $? = 1
configure: failed program was:
| /* confdefs.h */
| #define PACKAGE_NAME ""
| #define PACKAGE_TARNAME ""
| #define PACKAGE_VERSION ""
| #define PACKAGE_STRING ""
| #define PACKAGE_BUGREPORT ""
| #define PACKAGE_URL ""
| #define PACKAGE ""
| #define VERSION "0.1"
| #define HAVE_MPI 1
| #define HAVE_MPI 1
| #define HAVE_MPI 1
| #define STDC_HEADERS 1
| #define HAVE_SYS_TYPES_H 1
| #define HAVE_SYS_STAT_H 1
| #define HAVE_STDLIB_H 1
| #define HAVE_STRING_H 1
| #define HAVE_MEMORY_H 1
| #define HAVE_STRINGS_H 1
| #define HAVE_INTTYPES_H 1
| #define HAVE_STDINT_H 1
| #define HAVE_UNISTD_H 1
| #define HAVE_DLFCN_H 1
| #define LT_OBJDIR ".libs/"
| /* end confdefs.h.  */
| #include <ac_nonexistent.h>
configure:14116: checking for ld used by /lustre/opt/x86_64/intel/oneapi/2023.02/mpi/2021.10.0/bin/mpicxx
configure:14183: result: /usr/bin/ld -m elf_x86_64
configure:14190: checking if the linker (/usr/bin/ld -m elf_x86_64) is GNU ld
configure:14205: result: yes
configure:14260: checking whether the /lustre/opt/x86_64/intel/oneapi/2023.02/mpi/2021.10.0/bin/mpicxx linker (/usr/bin/ld -m elf_x86_64) supports shared libraries
configure:15333: result: yes
configure:15369: /lustre/opt/x86_64/intel/oneapi/2023.02/mpi/2021.10.0/bin/mpicxx -c -g -O2  conftest.cpp >&5
configure:15372: $? = 0
configure:15853: checking for /lustre/opt/x86_64/intel/oneapi/2023.02/mpi/2021.10.0/bin/mpicxx option to produce PIC
configure:15860: result: -fPIC -DPIC
configure:15868: checking if /lustre/opt/x86_64/intel/oneapi/2023.02/mpi/2021.10.0/bin/mpicxx PIC flag -fPIC -DPIC works
configure:15886: /lustre/opt/x86_64/intel/oneapi/2023.02/mpi/2021.10.0/bin/mpicxx -c -g -O2  -fPIC -DPIC -DPIC conftest.cpp >&5
configure:15890: $? = 0
configure:15903: result: yes
configure:15926: checking if /lustre/opt/x86_64/intel/oneapi/2023.02/mpi/2021.10.0/bin/mpicxx static flag -static works
configure:15954: result: no
configure:15966: checking if /lustre/opt/x86_64/intel/oneapi/2023.02/mpi/2021.10.0/bin/mpicxx supports -c -o file.o
configure:15987: /lustre/opt/x86_64/intel/oneapi/2023.02/mpi/2021.10.0/bin/mpicxx -c -g -O2  -o out/conftest2.o conftest.cpp >&5
configure:15991: $? = 0
configure:16013: result: yes
configure:16018: checking if /lustre/opt/x86_64/intel/oneapi/2023.02/mpi/2021.10.0/bin/mpicxx supports -c -o file.o
configure:16065: result: yes
configure:16095: checking whether the /lustre/opt/x86_64/intel/oneapi/2023.02/mpi/2021.10.0/bin/mpicxx linker (/usr/bin/ld -m elf_x86_64) supports shared libraries
configure:16138: result: yes
configure:16279: checking dynamic linker characteristics
configure:17036: result: GNU/Linux ld.so
configure:17101: checking how to hardcode library paths into programs
configure:17126: result: immediate
configure:17272: checking if libtool supports shared libraries
configure:17274: result: yes
configure:17277: checking whether to build shared libraries
configure:17301: result: yes
configure:17304: checking whether to build static libraries
configure:17308: result: yes
configure:17342: /lustre/opt/x86_64/intel/oneapi/2023.02/mpi/2021.10.0/bin/mpif90 -c -g -O2  conftest.f >&5
configure:17345: $? = 0
configure:17811: checking for /lustre/opt/x86_64/intel/oneapi/2023.02/mpi/2021.10.0/bin/mpif90 option to produce PIC
configure:17818: result: -fPIC
configure:17826: checking if /lustre/opt/x86_64/intel/oneapi/2023.02/mpi/2021.10.0/bin/mpif90 PIC flag -fPIC works
configure:17844: /lustre/opt/x86_64/intel/oneapi/2023.02/mpi/2021.10.0/bin/mpif90 -c -g -O2 -fPIC  conftest.f >&5
configure:17848: $? = 0
configure:17861: result: yes
configure:17884: checking if /lustre/opt/x86_64/intel/oneapi/2023.02/mpi/2021.10.0/bin/mpif90 static flag -static works
configure:17912: result: no
configure:17924: checking if /lustre/opt/x86_64/intel/oneapi/2023.02/mpi/2021.10.0/bin/mpif90 supports -c -o file.o
configure:17945: /lustre/opt/x86_64/intel/oneapi/2023.02/mpi/2021.10.0/bin/mpif90 -c -g -O2 -o out/conftest2.o  conftest.f >&5
configure:17949: $? = 0
configure:17971: result: yes
configure:17976: checking if /lustre/opt/x86_64/intel/oneapi/2023.02/mpi/2021.10.0/bin/mpif90 supports -c -o file.o
configure:18023: result: yes
configure:18053: checking whether the /lustre/opt/x86_64/intel/oneapi/2023.02/mpi/2021.10.0/bin/mpif90 linker (/usr/bin/ld -m elf_x86_64) supports shared libraries
configure:19266: result: yes
configure:19407: checking dynamic linker characteristics
configure:20158: result: GNU/Linux ld.so
configure:20223: checking how to hardcode library paths into programs
configure:20248: result: immediate
configure:20314: checking for deflate in -lz
configure:20339: /lustre/opt/x86_64/intel/oneapi/2023.02/mpi/2021.10.0/bin/mpicc -o conftest -g -O2   conftest.c -lz   >&5
configure:20339: $? = 0
configure:20348: result: yes
configure:20361: checking for inflate in -lz
configure:20386: /lustre/opt/x86_64/intel/oneapi/2023.02/mpi/2021.10.0/bin/mpicc -o conftest -g -O2   conftest.c -lz  -lz  >&5
configure:20386: $? = 0
configure:20395: result: yes
configure:20638: checking that generated files are newer than configure
configure:20644: result: done
configure:20679: creating ./config.status

## ---------------------- ##
## Running config.status. ##
## ---------------------- ##

This file was extended by config.status, which was
generated by GNU Autoconf 2.69.  Invocation command line was

  CONFIG_FILES    = 
  CONFIG_HEADERS  = 
  CONFIG_LINKS    = 
  CONFIG_COMMANDS = 
  $ ./config.status 

on hokusai3

config.status:1250: creating Makefile
config.status:1250: creating src/Makefile
config.status:1250: creating src/common/Makefile
config.status:1250: creating src/rempi/Makefile
config.status:1250: creating src/reomp/Makefile
config.status:1250: creating test/Makefile
config.status:1250: creating test/common/Makefile
config.status:1250: creating test/rempi/Makefile
config.status:1250: creating test/reomp/Makefile
config.status:1250: creating scripts/Makefile
config.status:1250: creating scripts/rempi
config.status:1250: creating scripts/rempi_record
config.status:1250: creating scripts/rempi_replay
config.status:1250: creating example/Makefile
config.status:1250: creating example/example_x86.sh
config.status:1250: creating example/examplex_x86.sh
config.status:1250: creating config.h
config.status:1431: config.h is unchanged
config.status:1479: executing depfiles commands
config.status:1556: cd src/rempi       && sed -e '/# am--include-marker/d' Makefile         | make -f - am--depfiles
make: Nothing to be done for 'am--depfiles'.
config.status:1561: $? = 0
config.status:1556: cd src/reomp       && sed -e '/# am--include-marker/d' Makefile         | make -f - am--depfiles
make: Nothing to be done for 'am--depfiles'.
config.status:1561: $? = 0
config.status:1556: cd test/rempi       && sed -e '/# am--include-marker/d' Makefile         | make -f - am--depfiles
make: Nothing to be done for 'am--depfiles'.
config.status:1561: $? = 0
config.status:1556: cd test/reomp       && sed -e '/# am--include-marker/d' Makefile         | make -f - am--depfiles
make: Nothing to be done for 'am--depfiles'.
config.status:1561: $? = 0
config.status:1556: cd example       && sed -e '/# am--include-marker/d' Makefile         | make -f - am--depfiles
make: Nothing to be done for 'am--depfiles'.
config.status:1561: $? = 0
config.status:1479: executing libtool commands

## ---------------- ##
## Cache variables. ##
## ---------------- ##

ac_cv_build=x86_64-pc-linux-gnu
ac_cv_c_compiler_gnu=yes
ac_cv_cxx_compiler_gnu=yes
ac_cv_env_CCC_set=
ac_cv_env_CCC_value=
ac_cv_env_CC_set=
ac_cv_env_CC_value=
ac_cv_env_CFLAGS_set=
ac_cv_env_CFLAGS_value=
ac_cv_env_CPPFLAGS_set=
ac_cv_env_CPPFLAGS_value=
ac_cv_env_CPP_set=
ac_cv_env_CPP_value=
ac_cv_env_CXXCPP_set=
ac_cv_env_CXXCPP_value=
ac_cv_env_CXXFLAGS_set=
ac_cv_env_CXXFLAGS_value=
ac_cv_env_CXX_set=
ac_cv_env_CXX_value=
ac_cv_env_FCFLAGS_set=
ac_cv_env_FCFLAGS_value=
ac_cv_env_FC_set=
ac_cv_env_FC_value=
ac_cv_env_LDFLAGS_set=
ac_cv_env_LDFLAGS_value=
ac_cv_env_LIBS_set=
ac_cv_env_LIBS_value=
ac_cv_env_LT_SYS_LIBRARY_PATH_set=
ac_cv_env_LT_SYS_LIBRARY_PATH_value=
ac_cv_env_build_alias_set=
ac_cv_env_build_alias_value=
ac_cv_env_host_alias_set=
ac_cv_env_host_alias_value=
ac_cv_env_target_alias_set=
ac_cv_env_target_alias_value=
ac_cv_fc_compiler_gnu=yes
ac_cv_header_dlfcn_h=yes
ac_cv_header_inttypes_h=yes
ac_cv_header_memory_h=yes
ac_cv_header_stdc=yes
ac_cv_header_stdint_h=yes
ac_cv_header_stdlib_h=yes
ac_cv_header_string_h=yes
ac_cv_header_strings_h=yes
ac_cv_header_sys_stat_h=yes
ac_cv_header_sys_types_h=yes
ac_cv_header_unistd_h=yes
ac_cv_host=x86_64-pc-linux-gnu
ac_cv_lib_z_deflate=yes
ac_cv_lib_z_inflate=yes
ac_cv_objext=o
ac_cv_path_EGREP='/usr/bin/grep -E'
ac_cv_path_FGREP='/usr/bin/grep -F'
ac_cv_path_GREP=/usr/bin/grep
ac_cv_path_MPICC=/lustre/opt/x86_64/intel/oneapi/2023.02/mpi/2021.10.0/bin/mpicc
ac_cv_path_MPICXX=/lustre/opt/x86_64/intel/oneapi/2023.02/mpi/2021.10.0/bin/mpicxx
ac_cv_path_MPIFC=/lustre/opt/x86_64/intel/oneapi/2023.02/mpi/2021.10.0/bin/mpif90
ac_cv_path_SED=/usr/bin/sed
ac_cv_path_install='/usr/bin/install -c'
ac_cv_path_lt_DD=/usr/bin/dd
ac_cv_path_mkdir=/usr/bin/mkdir
ac_cv_prog_AWK=gawk
ac_cv_prog_CPP='/lustre/opt/x86_64/intel/oneapi/2023.02/mpi/2021.10.0/bin/mpicc -E'
ac_cv_prog_CXXCPP='/lustre/opt/x86_64/intel/oneapi/2023.02/mpi/2021.10.0/bin/mpicxx -E'
ac_cv_prog_MAKE=make
ac_cv_prog_ac_ct_AR=ar
ac_cv_prog_ac_ct_CC=gcc
ac_cv_prog_ac_ct_CXX=g++
ac_cv_prog_ac_ct_FC=gfortran
ac_cv_prog_ac_ct_OBJDUMP=objdump
ac_cv_prog_ac_ct_RANLIB=ranlib
ac_cv_prog_ac_ct_STRIP=strip
ac_cv_prog_cc_c89=
ac_cv_prog_cc_g=yes
ac_cv_prog_cxx_g=yes
ac_cv_prog_fc_g=yes
ac_cv_prog_make_make_set=yes
am_cv_CC_dependencies_compiler_type=gcc3
am_cv_CXX_dependencies_compiler_type=gcc3
am_cv_ar_interface=ar
am_cv_make_support_nested_variables=yes
am_cv_prog_cc_c_o=yes
lt_cv_ar_at_file=@
lt_cv_archive_cmds_need_lc=no
lt_cv_deplibs_check_method=pass_all
lt_cv_file_magic_cmd='$MAGIC_CMD'
lt_cv_file_magic_test_file=
lt_cv_ld_reload_flag=-r
lt_cv_nm_interface='BSD nm'
lt_cv_objdir=.libs
lt_cv_path_LD=/usr/bin/ld
lt_cv_path_LDCXX='/usr/bin/ld -m elf_x86_64'
lt_cv_path_NM='/usr/bin/nm -B'
lt_cv_path_mainfest_tool=no
lt_cv_prog_compiler_c_o=yes
lt_cv_prog_compiler_c_o_CXX=yes
lt_cv_prog_compiler_c_o_FC=yes
lt_cv_prog_compiler_pic='-fPIC -DPIC'
lt_cv_prog_compiler_pic_CXX='-fPIC -DPIC'
lt_cv_prog_compiler_pic_FC=-fPIC
lt_cv_prog_compiler_pic_works=yes
lt_cv_prog_compiler_pic_works_CXX=yes
lt_cv_prog_compiler_pic_works_FC=yes
lt_cv_prog_compiler_rtti_exceptions=no
lt_cv_prog_compiler_static_works=yes
lt_cv_prog_compiler_static_works_CXX=no
lt_cv_prog_compiler_static_works_FC=no
lt_cv_prog_gnu_ld=yes
lt_cv_prog_gnu_ldcxx=yes
lt_cv_sharedlib_from_linklib_cmd='printf %s\n'
lt_cv_shlibpath_overrides_runpath=yes
lt_cv_sys_global_symbol_pipe='sed -n -e '\''s/^.*[	 ]\([ABCDGIRSTW][ABCDGIRSTW]*\)[	 ][	 ]*\([_A-Za-z][_A-Za-z0-9]*\)$/\1 \2 \2/p'\'' | sed '\''/ __gnu_lto/d'\'''
lt_cv_sys_global_symbol_to_c_name_address='sed -n -e '\''s/^: \(.*\) .*$/  {"\1", (void *) 0},/p'\'' -e '\''s/^[ABCDGIRSTW][ABCDGIRSTW]* .* \(.*\)$/  {"\1", (void *) \&\1},/p'\'''
lt_cv_sys_global_symbol_to_c_name_address_lib_prefix='sed -n -e '\''s/^: \(.*\) .*$/  {"\1", (void *) 0},/p'\'' -e '\''s/^[ABCDGIRSTW][ABCDGIRSTW]* .* \(lib.*\)$/  {"\1", (void *) \&\1},/p'\'' -e '\''s/^[ABCDGIRSTW][ABCDGIRSTW]* .* \(.*\)$/  {"lib\1", (void *) \&\1},/p'\'''
lt_cv_sys_global_symbol_to_cdecl='sed -n -e '\''s/^T .* \(.*\)$/extern int \1();/p'\'' -e '\''s/^[ABCDGIRSTW][ABCDGIRSTW]* .* \(.*\)$/extern char \1;/p'\'''
lt_cv_sys_global_symbol_to_import=
lt_cv_sys_max_cmd_len=1572864
lt_cv_to_host_file_cmd=func_convert_file_noop
lt_cv_to_tool_file_cmd=func_convert_file_noop
lt_cv_truncate_bin='/usr/bin/dd bs=4096 count=1'

## ----------------- ##
## Output variables. ##
## ----------------- ##

ACLOCAL='${SHELL} /home/msm924/rempipro/ReMPI/build-aux/missing aclocal-1.16'
AMDEPBACKSLASH='\'
AMDEP_FALSE='#'
AMDEP_TRUE=''
AMTAR='$${TAR-tar}'
AM_BACKSLASH='\'
AM_DEFAULT_V='$(AM_DEFAULT_VERBOSITY)'
AM_DEFAULT_VERBOSITY='1'
AM_V='$(V)'
AR='ar'
AUTOCONF='${SHELL} /home/msm924/rempipro/ReMPI/build-aux/missing autoconf'
AUTOHEADER='${SHELL} /home/msm924/rempipro/ReMPI/build-aux/missing autoheader'
AUTOMAKE='${SHELL} /home/msm924/rempipro/ReMPI/build-aux/missing automake-1.16'
AWK='gawk'
CC='/lustre/opt/x86_64/intel/oneapi/2023.02/mpi/2021.10.0/bin/mpicc'
CCDEPMODE='depmode=gcc3'
CFLAGS='-g -O2'
CPP='/lustre/opt/x86_64/intel/oneapi/2023.02/mpi/2021.10.0/bin/mpicc -E'
CPPFLAGS=''
CXX='/lustre/opt/x86_64/intel/oneapi/2023.02/mpi/2021.10.0/bin/mpicxx'
CXXCPP='/lustre/opt/x86_64/intel/oneapi/2023.02/mpi/2021.10.0/bin/mpicxx -E'
CXXDEPMODE='depmode=gcc3'
CXXFLAGS='-g -O2'
CYGPATH_W='echo'
DEFS='-DHAVE_CONFIG_H'
DEPDIR='.deps'
DLLTOOL='false'
DSYMUTIL=''
DUMPBIN=''
ECHO_C=''
ECHO_N='-n'
ECHO_T=''
EGREP='/usr/bin/grep -E'
ENABLE_CDC_FALSE=''
ENABLE_CDC_TRUE='#'
EXEEXT=''
FC='/lustre/opt/x86_64/intel/oneapi/2023.02/mpi/2021.10.0/bin/mpif90'
FCFLAGS='-g -O2'
FGREP='/usr/bin/grep -F'
GREP='/usr/bin/grep'
INSTALL_DATA='${INSTALL} -m 644'
INSTALL_PROGRAM='${INSTALL}'
INSTALL_SCRIPT='${INSTALL}'
INSTALL_STRIP_PROGRAM='$(install_sh) -c -s'
LD='/usr/bin/ld -m elf_x86_64'
LDFLAGS=''
LIBOBJS=''
LIBS='-lz -lz '
LIBTOOL='$(SHELL) $(top_builddir)/libtool'
LIB_AGE='1'
LIB_CURRENT='2'
LIB_REVISION='0'
LIPO=''
LN_S='ln -s'
LTLIBOBJS=''
LT_SYS_LIBRARY_PATH=''
MAKE='make'
MAKEINFO='${SHELL} /home/msm924/rempipro/ReMPI/build-aux/missing makeinfo'
MANIFEST_TOOL=':'
MKDIR_P='/usr/bin/mkdir -p'
MPICC='/lustre/opt/x86_64/intel/oneapi/2023.02/mpi/2021.10.0/bin/mpicc'
MPICXX='/lustre/opt/x86_64/intel/oneapi/2023.02/mpi/2021.10.0/bin/mpicxx'
MPIFC='/lustre/opt/x86_64/intel/oneapi/2023.02/mpi/2021.10.0/bin/mpif90'
MPI_CFLAGS='-I"/lustre/opt/x86_64/intel/oneapi/2023.02/mpi/2021.10.0/include" -I"/lustre/opt/x86_64/intel/oneapi/2023.02/mpi/2021.10.0/include"'
MPI_CLDFLAGS='-L"/lustre/opt/x86_64/intel/oneapi/2023.02/mpi/2021.10.0/lib/release" -L"/lustre/opt/x86_64/intel/oneapi/2023.02/mpi/2021.10.0/lib" -L"/lustre/opt/x86_64/intel/oneapi/2023.02/mpi/2021.10.0/lib/release" -L"/lustre/opt/x86_64/intel/oneapi/2023.02/mpi/2021.10.0/lib" -lmpifort -lmpi -lrt -lpthread -ldl -lmpifort -lmpi -lrt -lpthread -ldl -Wl,-z,now -Wl,-z,relro -Wl,-z,noexecstack -Wl,-z,now -Wl,-z,relro -Wl,-z,noexecstack'
MPI_CXXFLAGS='-I"/lustre/opt/x86_64/intel/oneapi/2023.02/mpi/2021.10.0/include" -I"/lustre/opt/x86_64/intel/oneapi/2023.02/mpi/2021.10.0/include"'
MPI_CXXLDFLAGS='-L"/lustre/opt/x86_64/intel/oneapi/2023.02/mpi/2021.10.0/lib/release" -L"/lustre/opt/x86_64/intel/oneapi/2023.02/mpi/2021.10.0/lib" -L"/lustre/opt/x86_64/intel/oneapi/2023.02/mpi/2021.10.0/lib/release" -L"/lustre/opt/x86_64/intel/oneapi/2023.02/mpi/2021.10.0/lib" -lmpicxx -lmpifort -lmpi -lrt -lpthread -ldl -lmpicxx -lmpifort -lmpi -lrt -lpthread -ldl -Wl,-z,now -Wl,-z,relro -Wl,-z,noexecstack -Wl,-z,now -Wl,-z,relro -Wl,-z,noexecstack'
MPI_FFLAGS='-I"/lustre/opt/x86_64/intel/oneapi/2023.02/mpi/2021.10.0/include/gfortran/8.2.0" -I"/lustre/opt/x86_64/intel/oneapi/2023.02/mpi/2021.10.0/include" -I"/lustre/opt/x86_64/intel/oneapi/2023.02/mpi/2021.10.0/include/gfortran/8.2.0" -I"/lustre/opt/x86_64/intel/oneapi/2023.02/mpi/2021.10.0/include"'
MPI_FLDFLAGS='-L"/lustre/opt/x86_64/intel/oneapi/2023.02/mpi/2021.10.0/lib/release" -L"/lustre/opt/x86_64/intel/oneapi/2023.02/mpi/2021.10.0/lib" -L"/lustre/opt/x86_64/intel/oneapi/2023.02/mpi/2021.10.0/lib/release" -L"/lustre/opt/x86_64/intel/oneapi/2023.02/mpi/2021.10.0/lib" -lmpifort -lmpi -lrt -lpthread -ldl -lmpifort -lmpi -lrt -lpthread -ldl -Wl,-z,now -Wl,-z,relro -Wl,-z,noexecstack -Wl,-z,now -Wl,-z,relro -Wl,-z,noexecstack'
NM='/usr/bin/nm -B'
NMEDIT=''
OBJDUMP='objdump'
OBJEXT='o'
OTOOL64=''
OTOOL=''
PACKAGE=''
PACKAGE_BUGREPORT=''
PACKAGE_NAME=''
PACKAGE_STRING=''
PACKAGE_TARNAME=''
PACKAGE_URL=''
PACKAGE_VERSION=''
PATH_SEPARATOR=':'
RANLIB='ranlib'
SED='/usr/bin/sed'
SET_MAKE=''
SHELL='/bin/sh'
STRIP='strip'
VERSION='0.1'
WITH_BLUEGENE_FALSE=''
WITH_BLUEGENE_TRUE='#'
ac_ct_AR='ar'
ac_ct_CC='gcc'
ac_ct_CXX='g++'
ac_ct_DUMPBIN=''
ac_ct_FC='gfortran'
am__EXEEXT_FALSE=''
am__EXEEXT_TRUE='#'
am__fastdepCC_FALSE='#'
am__fastdepCC_TRUE=''
am__fastdepCXX_FALSE='#'
am__fastdepCXX_TRUE=''
am__include='include'
am__isrc=''
am__leading_dot='.'
am__nodep='_no'
am__quote=''
am__tar='$${TAR-tar} chof - "$$tardir"'
am__untar='$${TAR-tar} xf -'
bindir='${exec_prefix}/bin'
build='x86_64-pc-linux-gnu'
build_alias=''
build_cpu='x86_64'
build_os='linux-gnu'
build_vendor='pc'
clmpi_DIR=''
datadir='${datarootdir}'
datarootdir='${prefix}/share'
docdir='${datarootdir}/doc/${PACKAGE}'
dvidir='${docdir}'
exec_prefix='${prefix}'
host='x86_64-pc-linux-gnu'
host_alias=''
host_cpu='x86_64'
host_os='linux-gnu'
host_vendor='pc'
htmldir='${docdir}'
includedir='${prefix}/include'
infodir='${datarootdir}/info'
install_sh='${SHELL} /home/msm924/rempipro/ReMPI/build-aux/install-sh'
libdir='${exec_prefix}/lib'
libexecdir='${exec_prefix}/libexec'
libz_a_INCLUDE=''
libz_a_LIB=''
localedir='${datarootdir}/locale'
localstatedir='${prefix}/var'
mandir='${datarootdir}/man'
mkdir_p='$(MKDIR_P)'
oldincludedir='/usr/include'
pdfdir='${docdir}'
prefix='/home/msm924/reomp'
program_transform_name='s,x,x,'
psdir='${docdir}'
sbindir='${exec_prefix}/sbin'
sharedstatedir='${prefix}/com'
stack_pmpi_DIR=''
sysconfdir='${prefix}/etc'
target_alias=''

## ----------- ##
## confdefs.h. ##
## ----------- ##

/* confdefs.h */
#define PACKAGE_NAME ""
#define PACKAGE_TARNAME ""
#define PACKAGE_VERSION ""
#define PACKAGE_STRING ""
#define PACKAGE_BUGREPORT ""
#define PACKAGE_URL ""
#define PACKAGE ""
#define VERSION "0.1"
#define HAVE_MPI 1
#define HAVE_MPI 1
#define HAVE_MPI 1
#define STDC_HEADERS 1
#define HAVE_SYS_TYPES_H 1
#define HAVE_SYS_STAT_H 1
#define HAVE_STDLIB_H 1
#define HAVE_STRING_H 1
#define HAVE_MEMORY_H 1
#define HAVE_STRINGS_H 1
#define HAVE_INTTYPES_H 1
#define HAVE_STDINT_H 1
#define HAVE_UNISTD_H 1
#define HAVE_DLFCN_H 1
#define LT_OBJDIR ".libs/"
#define HAVE_LIBZ 1
#define HAVE_LIBZ 1

configure: exit 0

## ---------------------- ##
## Running config.status. ##
## ---------------------- ##

This file was extended by config.status, which was
generated by GNU Autoconf 2.69.  Invocation command line was

  CONFIG_FILES    = 
  CONFIG_HEADERS  = 
  CONFIG_LINKS    = 
  CONFIG_COMMANDS = 
  $ ./config.status 

on hokusai3

config.status:1250: creating Makefile
config.status:1250: creating src/Makefile
config.status:1250: creating src/common/Makefile
config.status:1250: creating src/rempi/Makefile
config.status:1250: creating src/reomp/Makefile
config.status:1250: creating test/Makefile
config.status:1250: creating test/common/Makefile
config.status:1250: creating test/rempi/Makefile
config.status:1250: creating test/reomp/Makefile
config.status:1250: creating scripts/Makefile
config.status:1250: creating scripts/rempi
config.status:1250: creating scripts/rempi_record
config.status:1250: creating scripts/rempi_replay
config.status:1250: creating example/Makefile
config.status:1250: creating example/example_x86.sh
config.status:1250: creating example/examplex_x86.sh
config.status:1250: creating config.h
config.status:1431: config.h is unchanged
config.status:1479: executing depfiles commands
config.status:1556: cd src/rempi       && sed -e '/# am--include-marker/d' Makefile         | make -f - am--depfiles
make[1]: Entering directory '/lustre/home/msm924/rempipro/ReMPI/src/rempi'
make[1]: Nothing to be done for 'am--depfiles'.
make[1]: Leaving directory '/lustre/home/msm924/rempipro/ReMPI/src/rempi'
config.status:1561: $? = 0
config.status:1556: cd src/reomp       && sed -e '/# am--include-marker/d' Makefile         | make -f - am--depfiles
make[1]: Entering directory '/lustre/home/msm924/rempipro/ReMPI/src/reomp'
make[1]: Nothing to be done for 'am--depfiles'.
make[1]: Leaving directory '/lustre/home/msm924/rempipro/ReMPI/src/reomp'
config.status:1561: $? = 0
config.status:1556: cd test/rempi       && sed -e '/# am--include-marker/d' Makefile         | make -f - am--depfiles
make[1]: Entering directory '/lustre/home/msm924/rempipro/ReMPI/test/rempi'
make[1]: Nothing to be done for 'am--depfiles'.
make[1]: Leaving directory '/lustre/home/msm924/rempipro/ReMPI/test/rempi'
config.status:1561: $? = 0
config.status:1556: cd test/reomp       && sed -e '/# am--include-marker/d' Makefile         | make -f - am--depfiles
make[1]: Entering directory '/lustre/home/msm924/rempipro/ReMPI/test/reomp'
make[1]: Nothing to be done for 'am--depfiles'.
make[1]: Leaving directory '/lustre/home/msm924/rempipro/ReMPI/test/reomp'
config.status:1561: $? = 0
config.status:1556: cd example       && sed -e '/# am--include-marker/d' Makefile         | make -f - am--depfiles
make[1]: Entering directory '/lustre/home/msm924/rempipro/ReMPI/example'
make[1]: Nothing to be done for 'am--depfiles'.
make[1]: Leaving directory '/lustre/home/msm924/rempipro/ReMPI/example'
config.status:1561: $? = 0
config.status:1479: executing libtool commands
